<?xml version="1.0" encoding="UTF-8"?>
<!-- Generated by org.testng.reporters.JUnitXMLReporter -->
<testsuite hostname="TMX0393.local" name="SimpleParamExample" tests="3" failures="0" timestamp="27 Apr 2018 19:16:14 GMT" time="23.351" errors="0">
  <testcase name="testGuru99Login" time="5.187" classname="com.guru99.tests.TestGuru99LoginTests"/>
  <testcase name="testGuru99Login" time="5.949" classname="com.guru99.tests.TestGuru99LoginTests"/>
  <testcase name="testGuru99Login" time="4.948" classname="com.guru99.tests.TestGuru99LoginTests"/>
</testsuite>
